<?xml version="1.0" encoding="UTF-8"?>
<!-- Generated by org.testng.reporters.JUnitXMLReporter -->
<testsuite ignored="0" hostname="LAPTOP-7QF7JTFA" failures="0" tests="3" name="Default test" time="25.173" errors="0" timestamp="2025-07-07T18:12:16 IST">
  <testcase classname="com.pages.TC.HomePageRunner" name="allDropdownButtonClickableAndFunctional" time="2.357"/>
  <testcase classname="com.pages.TC.HomePageRunner" name="verifyLogoButtonFunctional" time="4.317"/>
  <testcase classname="com.pages.TC.HomePageRunner" name="verifyUpdateLocationButton" time="2.747"/>
</testsuite> <!-- Default test -->
