<?xml version="1.0" encoding="UTF-8"?>
<!-- Generated by org.testng.reporters.JUnitXMLReporter -->
<testsuite ignored="0" hostname="LAPTOP-7QF7JTFA" failures="0" tests="3" name="Test" time="33.129" errors="0" timestamp="2025-07-08T11:22:16 IST">
  <testcase classname="com.pages.TC.HomePageRunner" name="allDropdownButtonClickableAndFunctional" time="1.025"/>
  <testcase classname="com.pages.TC.HomePageRunner" name="verifyLogoButtonFunctional" time="2.175"/>
  <testcase classname="com.pages.TC.HomePageRunner" name="verifyUpdateLocationButton" time="0.553"/>
</testsuite> <!-- Test -->
