<?xml version="1.0" encoding="UTF-8"?>
<testng-results ignored="0" total="3" passed="3" failed="0" skipped="0">
  <reporter-output>
  </reporter-output>
  <suite started-at="2025-07-08T11:21:43 IST" name="Suite" finished-at="2025-07-08T11:22:16 IST" duration-ms="33129">
    <groups>
    </groups>
    <test started-at="2025-07-08T11:21:43 IST" name="Test" finished-at="2025-07-08T11:22:16 IST" duration-ms="33129">
      <class name="com.pages.TC.HomePageRunner">
        <test-method is-config="true" signature="openBrowser()[pri:0, instance:com.pages.TC.HomePageRunner@16ec5519]" started-at="2025-07-08T11:21:43 IST" name="openBrowser" finished-at="2025-07-08T11:21:51 IST" duration-ms="8326" status="PASS">
          <reporter-output>
          </reporter-output>
        </test-method> <!-- openBrowser -->
        <test-method signature="allDropdownButtonClickableAndFunctional()[pri:0, instance:com.pages.TC.HomePageRunner@16ec5519]" started-at="2025-07-08T11:21:51 IST" name="allDropdownButtonClickableAndFunctional" finished-at="2025-07-08T11:21:52 IST" duration-ms="1025" status="PASS">
          <reporter-output>
          </reporter-output>
        </test-method> <!-- allDropdownButtonClickableAndFunctional -->
        <test-method is-config="true" signature="openBrowser()[pri:0, instance:com.pages.TC.HomePageRunner@16ec5519]" started-at="2025-07-08T11:21:52 IST" name="openBrowser" finished-at="2025-07-08T11:22:01 IST" duration-ms="9064" status="PASS">
          <reporter-output>
          </reporter-output>
        </test-method> <!-- openBrowser -->
        <test-method signature="verifyLogoButtonFunctional()[pri:0, instance:com.pages.TC.HomePageRunner@16ec5519]" started-at="2025-07-08T11:22:01 IST" name="verifyLogoButtonFunctional" finished-at="2025-07-08T11:22:03 IST" duration-ms="2175" status="PASS">
          <reporter-output>
          </reporter-output>
        </test-method> <!-- verifyLogoButtonFunctional -->
        <test-method is-config="true" signature="openBrowser()[pri:0, instance:com.pages.TC.HomePageRunner@16ec5519]" started-at="2025-07-08T11:22:03 IST" name="openBrowser" finished-at="2025-07-08T11:22:15 IST" duration-ms="11920" status="PASS">
          <reporter-output>
          </reporter-output>
        </test-method> <!-- openBrowser -->
        <test-method signature="verifyUpdateLocationButton()[pri:0, instance:com.pages.TC.HomePageRunner@16ec5519]" started-at="2025-07-08T11:22:15 IST" name="verifyUpdateLocationButton" finished-at="2025-07-08T11:22:16 IST" duration-ms="553" status="PASS">
          <reporter-output>
          </reporter-output>
        </test-method> <!-- verifyUpdateLocationButton -->
      </class> <!-- com.pages.TC.HomePageRunner -->
    </test> <!-- Test -->
  </suite> <!-- Suite -->
</testng-results>
