<?xml version="1.0" encoding="UTF-8"?>
<testng-results ignored="0" total="3" passed="3" failed="0" skipped="0">
  <reporter-output>
  </reporter-output>
  <suite started-at="2025-07-07T18:11:50 IST" name="Default suite" finished-at="2025-07-07T18:12:16 IST" duration-ms="25173">
    <groups>
    </groups>
    <test started-at="2025-07-07T18:11:50 IST" name="Default test" finished-at="2025-07-07T18:12:16 IST" duration-ms="25173">
      <class name="com.pages.TC.HomePageRunner">
        <test-method is-config="true" signature="openBrowser()[pri:0, instance:com.pages.TC.HomePageRunner@145f66e3]" started-at="2025-07-07T18:11:50 IST" name="openBrowser" finished-at="2025-07-07T18:11:56 IST" duration-ms="5344" status="PASS">
          <reporter-output>
          </reporter-output>
        </test-method> <!-- openBrowser -->
        <test-method signature="allDropdownButtonClickableAndFunctional()[pri:0, instance:com.pages.TC.HomePageRunner@145f66e3]" started-at="2025-07-07T18:11:56 IST" name="allDropdownButtonClickableAndFunctional" finished-at="2025-07-07T18:11:58 IST" duration-ms="2357" status="PASS">
          <reporter-output>
          </reporter-output>
        </test-method> <!-- allDropdownButtonClickableAndFunctional -->
        <test-method is-config="true" signature="quitBrowser()[pri:0, instance:com.pages.TC.HomePageRunner@145f66e3]" started-at="2025-07-07T18:11:58 IST" name="quitBrowser" finished-at="2025-07-07T18:11:58 IST" duration-ms="385" status="PASS">
          <reporter-output>
          </reporter-output>
        </test-method> <!-- quitBrowser -->
        <test-method is-config="true" signature="openBrowser()[pri:0, instance:com.pages.TC.HomePageRunner@145f66e3]" started-at="2025-07-07T18:11:58 IST" name="openBrowser" finished-at="2025-07-07T18:12:03 IST" duration-ms="4677" status="PASS">
          <reporter-output>
          </reporter-output>
        </test-method> <!-- openBrowser -->
        <test-method signature="verifyLogoButtonFunctional()[pri:0, instance:com.pages.TC.HomePageRunner@145f66e3]" started-at="2025-07-07T18:12:03 IST" name="verifyLogoButtonFunctional" finished-at="2025-07-07T18:12:07 IST" duration-ms="4317" status="PASS">
          <reporter-output>
          </reporter-output>
        </test-method> <!-- verifyLogoButtonFunctional -->
        <test-method is-config="true" signature="quitBrowser()[pri:0, instance:com.pages.TC.HomePageRunner@145f66e3]" started-at="2025-07-07T18:12:07 IST" name="quitBrowser" finished-at="2025-07-07T18:12:08 IST" duration-ms="341" status="PASS">
          <reporter-output>
          </reporter-output>
        </test-method> <!-- quitBrowser -->
        <test-method is-config="true" signature="openBrowser()[pri:0, instance:com.pages.TC.HomePageRunner@145f66e3]" started-at="2025-07-07T18:12:08 IST" name="openBrowser" finished-at="2025-07-07T18:12:12 IST" duration-ms="4625" status="PASS">
          <reporter-output>
          </reporter-output>
        </test-method> <!-- openBrowser -->
        <test-method signature="verifyUpdateLocationButton()[pri:0, instance:com.pages.TC.HomePageRunner@145f66e3]" started-at="2025-07-07T18:12:12 IST" name="verifyUpdateLocationButton" finished-at="2025-07-07T18:12:15 IST" duration-ms="2747" status="PASS">
          <reporter-output>
          </reporter-output>
        </test-method> <!-- verifyUpdateLocationButton -->
        <test-method is-config="true" signature="quitBrowser()[pri:0, instance:com.pages.TC.HomePageRunner@145f66e3]" started-at="2025-07-07T18:12:15 IST" name="quitBrowser" finished-at="2025-07-07T18:12:16 IST" duration-ms="284" status="PASS">
          <reporter-output>
          </reporter-output>
        </test-method> <!-- quitBrowser -->
      </class> <!-- com.pages.TC.HomePageRunner -->
    </test> <!-- Default test -->
  </suite> <!-- Default suite -->
</testng-results>
